[ 2025-07-27 14:12:18,182 ] 48 root - INFO - Initializing pipeline components
[ 2025-07-27 14:12:18,182 ] 13 root - INFO - Initializing DataFetcher
[ 2025-07-27 14:12:19,162 ] 7 root - INFO - Initializing DataStorage
[ 2025-07-27 14:12:22,134 ] 9 root - INFO - Initializing SentimentAnalyzer
[ 2025-07-27 14:12:22,172 ] 6 root - INFO - Initializing RecommendationEngine
[ 2025-07-27 14:12:22,172 ] 6 root - INFO - Initializing ReportGenerator
[ 2025-07-27 14:12:22,172 ] 55 root - INFO - Starting analysis for meta
[ 2025-07-27 14:12:22,339 ] 9 root - INFO - Generating report for meta
[ 2025-07-27 14:12:22,340 ] 66 root - INFO - Report generated successfully for meta
[ 2025-07-27 14:12:34,710 ] 48 root - INFO - Initializing pipeline components
[ 2025-07-27 14:12:34,711 ] 13 root - INFO - Initializing DataFetcher
[ 2025-07-27 14:12:34,711 ] 7 root - INFO - Initializing DataStorage
[ 2025-07-27 14:12:38,211 ] 9 root - INFO - Initializing SentimentAnalyzer
[ 2025-07-27 14:12:38,236 ] 6 root - INFO - Initializing RecommendationEngine
[ 2025-07-27 14:12:38,236 ] 6 root - INFO - Initializing ReportGenerator
[ 2025-07-27 14:12:38,236 ] 55 root - INFO - Starting analysis for GOOG
[ 2025-07-27 14:12:38,416 ] 9 root - INFO - Generating report for GOOG
[ 2025-07-27 14:12:38,416 ] 66 root - INFO - Report generated successfully for GOOG
[ 2025-07-27 14:12:46,346 ] 48 root - INFO - Initializing pipeline components
[ 2025-07-27 14:12:46,346 ] 13 root - INFO - Initializing DataFetcher
[ 2025-07-27 14:12:46,347 ] 7 root - INFO - Initializing DataStorage
[ 2025-07-27 14:12:49,271 ] 9 root - INFO - Initializing SentimentAnalyzer
[ 2025-07-27 14:12:49,289 ] 6 root - INFO - Initializing RecommendationEngine
[ 2025-07-27 14:12:49,290 ] 6 root - INFO - Initializing ReportGenerator
[ 2025-07-27 14:12:49,290 ] 55 root - INFO - Starting analysis for bkh
[ 2025-07-27 14:12:49,355 ] 9 root - INFO - Generating report for bkh
[ 2025-07-27 14:12:49,357 ] 66 root - INFO - Report generated successfully for bkh
[ 2025-07-27 14:12:57,727 ] 48 root - INFO - Initializing pipeline components
[ 2025-07-27 14:12:57,727 ] 13 root - INFO - Initializing DataFetcher
[ 2025-07-27 14:12:57,728 ] 7 root - INFO - Initializing DataStorage
[ 2025-07-27 14:13:00,329 ] 9 root - INFO - Initializing SentimentAnalyzer
[ 2025-07-27 14:13:00,354 ] 6 root - INFO - Initializing RecommendationEngine
[ 2025-07-27 14:13:00,354 ] 6 root - INFO - Initializing ReportGenerator
[ 2025-07-27 14:13:00,355 ] 55 root - INFO - Starting analysis for xyz
[ 2025-07-27 14:13:00,534 ] 66 root - INFO - Initiating data ingestion
[ 2025-07-27 14:13:00,534 ] 97 root - INFO - Fetching Yahoo Finance data for xyz
[ 2025-07-27 14:13:02,380 ] 25 root - INFO - Fetching news for xyz
[ 2025-07-27 14:13:04,018 ] 46 root - INFO - Fetching Reddit posts for xyz
[ 2025-07-27 14:13:04,018 ] 457 praw - WARNING - It appears that you are using PRAW in an asynchronous environment.
It is strongly recommended to use Async PRAW: https://asyncpraw.readthedocs.io.
See https://praw.readthedocs.io/en/latest/getting_started/multiple_instances.html#discord-bots-and-asynchronous-environments for more info.

[ 2025-07-27 14:13:04,735 ] 60 root - ERROR - Error fetching Reddit posts: received 401 HTTP response
[ 2025-07-27 14:13:04,735 ] 64 root - INFO - Fetching Twitter posts for xyz
[ 2025-07-27 14:13:07,296 ] 82 root - INFO - Fetching SEC filings for xyz
[ 2025-07-27 14:13:09,301 ] 113 root - INFO - Fetching technical indicators for xyz
[ 2025-07-27 14:13:11,596 ] 84 root - INFO - Stored technicals for xyz
[ 2025-07-27 14:13:11,597 ] 74 root - INFO - Performing sentiment analysis
[ 2025-07-27 14:13:11,597 ] 13 root - INFO - Analyzing news sentiment
[ 2025-07-27 14:13:11,682 ] 31 root - INFO - Analyzing social media sentiment
[ 2025-07-27 14:13:11,689 ] 78 root - INFO - Storing data in MongoDB
[ 2025-07-27 14:13:11,905 ] 31 root - INFO - Stored company data for xyz
[ 2025-07-27 14:13:13,334 ] 42 root - INFO - Stored news for xyz
[ 2025-07-27 14:13:13,334 ] 54 root - INFO - Stored Reddit data for xyz
[ 2025-07-27 14:13:14,666 ] 54 root - INFO - Stored Twitter data for xyz
[ 2025-07-27 14:13:14,764 ] 64 root - INFO - Stored financials for xyz
[ 2025-07-27 14:13:14,871 ] 86 root - ERROR - Error storing technicals: E11000 duplicate key error collection: investment_bot.technicals index: _id_ dup key: { _id: ObjectId('6885e69f1dfdb1894965d4a5') }, full error: {'index': 0, 'code': 11000, 'errmsg': "E11000 duplicate key error collection: investment_bot.technicals index: _id_ dup key: { _id: ObjectId('6885e69f1dfdb1894965d4a5') }", 'keyPattern': {'_id': 1}, 'keyValue': {'_id': ObjectId('6885e69f1dfdb1894965d4a5')}}
[ 2025-07-27 14:13:14,871 ] 86 root - INFO - Generating recommendation
[ 2025-07-27 14:13:14,872 ] 9 root - INFO - Generating recommendation
[ 2025-07-27 14:13:14,872 ] 44 root - INFO - Recommendation: Hold
[ 2025-07-27 14:13:14,973 ] 74 root - INFO - Stored recommendation for xyz
[ 2025-07-27 14:13:14,973 ] 90 root - INFO - Generating final report
[ 2025-07-27 14:13:14,973 ] 9 root - INFO - Generating report for xyz
[ 2025-07-27 14:13:14,974 ] 66 root - INFO - Report generated successfully for xyz
[ 2025-07-27 14:13:38,623 ] 48 root - INFO - Initializing pipeline components
[ 2025-07-27 14:13:38,623 ] 13 root - INFO - Initializing DataFetcher
[ 2025-07-27 14:13:38,624 ] 7 root - INFO - Initializing DataStorage
[ 2025-07-27 14:13:43,617 ] 9 root - INFO - Initializing SentimentAnalyzer
[ 2025-07-27 14:13:43,637 ] 6 root - INFO - Initializing RecommendationEngine
[ 2025-07-27 14:13:43,637 ] 6 root - INFO - Initializing ReportGenerator
[ 2025-07-27 14:13:43,637 ] 55 root - INFO - Starting analysis for xyz
[ 2025-07-27 14:13:43,919 ] 9 root - INFO - Generating report for xyz
[ 2025-07-27 14:13:43,919 ] 66 root - INFO - Report generated successfully for xyz
[ 2025-07-27 14:13:53,973 ] 48 root - INFO - Initializing pipeline components
[ 2025-07-27 14:13:53,974 ] 13 root - INFO - Initializing DataFetcher
[ 2025-07-27 14:13:53,974 ] 7 root - INFO - Initializing DataStorage
[ 2025-07-27 14:13:56,345 ] 9 root - INFO - Initializing SentimentAnalyzer
[ 2025-07-27 14:13:56,368 ] 6 root - INFO - Initializing RecommendationEngine
[ 2025-07-27 14:13:56,368 ] 6 root - INFO - Initializing ReportGenerator
[ 2025-07-27 14:13:56,368 ] 55 root - INFO - Starting analysis for GOOG
[ 2025-07-27 14:13:56,550 ] 9 root - INFO - Generating report for GOOG
[ 2025-07-27 14:13:56,550 ] 66 root - INFO - Report generated successfully for GOOG
[ 2025-07-27 14:13:58,514 ] 48 root - INFO - Initializing pipeline components
[ 2025-07-27 14:13:58,514 ] 13 root - INFO - Initializing DataFetcher
[ 2025-07-27 14:13:58,515 ] 7 root - INFO - Initializing DataStorage
[ 2025-07-27 14:14:01,054 ] 9 root - INFO - Initializing SentimentAnalyzer
[ 2025-07-27 14:14:01,079 ] 6 root - INFO - Initializing RecommendationEngine
[ 2025-07-27 14:14:01,079 ] 6 root - INFO - Initializing ReportGenerator
[ 2025-07-27 14:14:01,079 ] 55 root - INFO - Starting analysis for GOOG
[ 2025-07-27 14:14:01,155 ] 9 root - INFO - Generating report for GOOG
[ 2025-07-27 14:14:01,155 ] 66 root - INFO - Report generated successfully for GOOG
[ 2025-07-27 14:14:09,727 ] 48 root - INFO - Initializing pipeline components
[ 2025-07-27 14:14:09,727 ] 13 root - INFO - Initializing DataFetcher
[ 2025-07-27 14:14:09,728 ] 7 root - INFO - Initializing DataStorage
[ 2025-07-27 14:14:12,434 ] 9 root - INFO - Initializing SentimentAnalyzer
[ 2025-07-27 14:14:12,452 ] 6 root - INFO - Initializing RecommendationEngine
[ 2025-07-27 14:14:12,452 ] 6 root - INFO - Initializing ReportGenerator
[ 2025-07-27 14:14:12,452 ] 55 root - INFO - Starting analysis for GOOG
[ 2025-07-27 14:14:12,626 ] 9 root - INFO - Generating report for GOOG
[ 2025-07-27 14:14:12,626 ] 66 root - INFO - Report generated successfully for GOOG
[ 2025-07-27 14:14:22,550 ] 48 root - INFO - Initializing pipeline components
[ 2025-07-27 14:14:22,551 ] 13 root - INFO - Initializing DataFetcher
[ 2025-07-27 14:14:22,551 ] 7 root - INFO - Initializing DataStorage
[ 2025-07-27 14:14:25,327 ] 9 root - INFO - Initializing SentimentAnalyzer
[ 2025-07-27 14:14:25,348 ] 6 root - INFO - Initializing RecommendationEngine
[ 2025-07-27 14:14:25,349 ] 6 root - INFO - Initializing ReportGenerator
[ 2025-07-27 14:14:25,349 ] 55 root - INFO - Starting analysis for GOOG
[ 2025-07-27 14:14:25,439 ] 9 root - INFO - Generating report for GOOG
[ 2025-07-27 14:14:25,439 ] 66 root - INFO - Report generated successfully for GOOG
[ 2025-07-27 14:14:38,914 ] 48 root - INFO - Initializing pipeline components
[ 2025-07-27 14:14:38,914 ] 13 root - INFO - Initializing DataFetcher
[ 2025-07-27 14:14:38,915 ] 7 root - INFO - Initializing DataStorage
[ 2025-07-27 14:14:41,503 ] 9 root - INFO - Initializing SentimentAnalyzer
[ 2025-07-27 14:14:41,523 ] 6 root - INFO - Initializing RecommendationEngine
[ 2025-07-27 14:14:41,523 ] 6 root - INFO - Initializing ReportGenerator
[ 2025-07-27 14:14:41,523 ] 55 root - INFO - Starting analysis for AAPL
[ 2025-07-27 14:14:41,709 ] 9 root - INFO - Generating report for AAPL
[ 2025-07-27 14:14:41,709 ] 66 root - INFO - Report generated successfully for AAPL
[ 2025-07-27 14:14:49,694 ] 48 root - INFO - Initializing pipeline components
[ 2025-07-27 14:14:49,694 ] 13 root - INFO - Initializing DataFetcher
[ 2025-07-27 14:14:49,696 ] 7 root - INFO - Initializing DataStorage
[ 2025-07-27 14:14:52,037 ] 9 root - INFO - Initializing SentimentAnalyzer
[ 2025-07-27 14:14:52,060 ] 6 root - INFO - Initializing RecommendationEngine
[ 2025-07-27 14:14:52,061 ] 6 root - INFO - Initializing ReportGenerator
[ 2025-07-27 14:14:52,061 ] 55 root - INFO - Starting analysis for GOOG
[ 2025-07-27 14:14:52,153 ] 9 root - INFO - Generating report for GOOG
[ 2025-07-27 14:14:52,154 ] 66 root - INFO - Report generated successfully for GOOG
[ 2025-07-27 14:15:36,602 ] 48 root - INFO - Initializing pipeline components
[ 2025-07-27 14:15:36,602 ] 13 root - INFO - Initializing DataFetcher
[ 2025-07-27 14:15:36,603 ] 7 root - INFO - Initializing DataStorage
[ 2025-07-27 14:15:39,475 ] 9 root - INFO - Initializing SentimentAnalyzer
[ 2025-07-27 14:15:39,494 ] 6 root - INFO - Initializing RecommendationEngine
[ 2025-07-27 14:15:39,494 ] 6 root - INFO - Initializing ReportGenerator
[ 2025-07-27 14:15:39,494 ] 55 root - INFO - Starting analysis for GOOG
[ 2025-07-27 14:15:39,668 ] 9 root - INFO - Generating report for GOOG
[ 2025-07-27 14:15:39,668 ] 66 root - INFO - Report generated successfully for GOOG
[ 2025-07-27 14:17:03,884 ] 48 root - INFO - Initializing pipeline components
[ 2025-07-27 14:17:03,884 ] 13 root - INFO - Initializing DataFetcher
[ 2025-07-27 14:17:03,885 ] 7 root - INFO - Initializing DataStorage
[ 2025-07-27 14:17:06,814 ] 9 root - INFO - Initializing SentimentAnalyzer
[ 2025-07-27 14:17:06,836 ] 6 root - INFO - Initializing RecommendationEngine
[ 2025-07-27 14:17:06,836 ] 6 root - INFO - Initializing ReportGenerator
[ 2025-07-27 14:17:06,836 ] 55 root - INFO - Starting analysis for meta
[ 2025-07-27 14:17:07,017 ] 9 root - INFO - Generating report for meta
[ 2025-07-27 14:17:07,017 ] 66 root - INFO - Report generated successfully for meta
[ 2025-07-27 14:19:27,123 ] 48 root - INFO - Initializing pipeline components
[ 2025-07-27 14:19:27,123 ] 13 root - INFO - Initializing DataFetcher
[ 2025-07-27 14:19:27,124 ] 7 root - INFO - Initializing DataStorage
[ 2025-07-27 14:19:29,243 ] 9 root - INFO - Initializing SentimentAnalyzer
[ 2025-07-27 14:19:29,261 ] 6 root - INFO - Initializing RecommendationEngine
[ 2025-07-27 14:19:29,261 ] 6 root - INFO - Initializing ReportGenerator
[ 2025-07-27 14:19:29,261 ] 55 root - INFO - Starting analysis for meta
[ 2025-07-27 14:19:29,323 ] 9 root - INFO - Generating report for meta
[ 2025-07-27 14:19:29,325 ] 66 root - INFO - Report generated successfully for meta
[ 2025-07-27 14:19:36,583 ] 48 root - INFO - Initializing pipeline components
[ 2025-07-27 14:19:36,583 ] 13 root - INFO - Initializing DataFetcher
[ 2025-07-27 14:19:36,584 ] 7 root - INFO - Initializing DataStorage
[ 2025-07-27 14:19:39,401 ] 9 root - INFO - Initializing SentimentAnalyzer
[ 2025-07-27 14:19:39,426 ] 6 root - INFO - Initializing RecommendationEngine
[ 2025-07-27 14:19:39,427 ] 6 root - INFO - Initializing ReportGenerator
[ 2025-07-27 14:19:39,427 ] 55 root - INFO - Starting analysis for GOOG
[ 2025-07-27 14:19:39,597 ] 9 root - INFO - Generating report for GOOG
[ 2025-07-27 14:19:39,597 ] 66 root - INFO - Report generated successfully for GOOG
[ 2025-07-27 14:22:10,049 ] 48 root - INFO - Initializing pipeline components
[ 2025-07-27 14:22:10,049 ] 13 root - INFO - Initializing DataFetcher
[ 2025-07-27 14:22:10,050 ] 7 root - INFO - Initializing DataStorage
[ 2025-07-27 14:22:12,383 ] 9 root - INFO - Initializing SentimentAnalyzer
[ 2025-07-27 14:22:12,408 ] 6 root - INFO - Initializing RecommendationEngine
[ 2025-07-27 14:22:12,409 ] 6 root - INFO - Initializing ReportGenerator
[ 2025-07-27 14:22:12,409 ] 55 root - INFO - Starting analysis for GOOG
[ 2025-07-27 14:22:12,586 ] 9 root - INFO - Generating report for GOOG
[ 2025-07-27 14:22:12,586 ] 66 root - INFO - Report generated successfully for GOOG
