[ 2025-06-28 19:50:13,171 ] 36 root - INFO - Initializing pipeline components
[ 2025-06-28 19:50:13,171 ] 13 root - INFO - Initializing DataFetcher
[ 2025-06-28 19:50:13,352 ] 7 root - INFO - Initializing DataStorage
[ 2025-06-28 19:50:15,975 ] 9 root - INFO - Initializing SentimentAnalyzer
[ 2025-06-28 19:50:16,079 ] 6 root - INFO - Initializing RecommendationEngine
[ 2025-06-28 19:50:16,080 ] 6 root - INFO - Initializing ReportGenerator
[ 2025-06-28 19:50:16,080 ] 43 root - INFO - Starting analysis for TCS
[ 2025-06-28 19:50:16,362 ] 9 root - INFO - Generating report for TCS
[ 2025-06-28 19:50:16,363 ] 66 root - INFO - Report generated successfully for TCS
[ 2025-06-28 19:50:30,050 ] 36 root - INFO - Initializing pipeline components
[ 2025-06-28 19:50:30,050 ] 13 root - INFO - Initializing DataFetcher
[ 2025-06-28 19:50:30,051 ] 7 root - INFO - Initializing DataStorage
[ 2025-06-28 19:50:32,872 ] 9 root - INFO - Initializing SentimentAnalyzer
[ 2025-06-28 19:50:32,894 ] 6 root - INFO - Initializing RecommendationEngine
[ 2025-06-28 19:50:32,894 ] 6 root - INFO - Initializing ReportGenerator
[ 2025-06-28 19:50:32,894 ] 43 root - INFO - Starting analysis for amzn
[ 2025-06-28 19:50:33,077 ] 56 root - INFO - Initiating data ingestion
[ 2025-06-28 19:50:33,077 ] 97 root - INFO - Fetching Yahoo Finance data for amzn
[ 2025-06-28 19:50:34,717 ] 25 root - INFO - Fetching news for amzn
[ 2025-06-28 19:50:36,050 ] 46 root - INFO - Fetching Reddit posts for amzn
[ 2025-06-28 19:50:36,050 ] 457 praw - WARNING - It appears that you are using PRAW in an asynchronous environment.
It is strongly recommended to use Async PRAW: https://asyncpraw.readthedocs.io.
See https://praw.readthedocs.io/en/latest/getting_started/multiple_instances.html#discord-bots-and-asynchronous-environments for more info.

[ 2025-06-28 19:50:38,412 ] 457 praw - WARNING - It appears that you are using PRAW in an asynchronous environment.
It is strongly recommended to use Async PRAW: https://asyncpraw.readthedocs.io.
See https://praw.readthedocs.io/en/latest/getting_started/multiple_instances.html#discord-bots-and-asynchronous-environments for more info.

[ 2025-06-28 19:50:39,125 ] 457 praw - WARNING - It appears that you are using PRAW in an asynchronous environment.
It is strongly recommended to use Async PRAW: https://asyncpraw.readthedocs.io.
See https://praw.readthedocs.io/en/latest/getting_started/multiple_instances.html#discord-bots-and-asynchronous-environments for more info.

[ 2025-06-28 19:50:40,149 ] 64 root - INFO - Fetching Twitter posts for amzn
[ 2025-06-28 19:50:40,965 ] 78 root - ERROR - Error fetching Twitter posts: 429 Too Many Requests
Too Many Requests
[ 2025-06-28 19:50:40,965 ] 82 root - INFO - Fetching SEC filings for amzn
[ 2025-06-28 19:50:42,705 ] 113 root - INFO - Fetching technical indicators for amzn
[ 2025-06-28 19:50:45,059 ] 84 root - INFO - Stored technicals for amzn
[ 2025-06-28 19:50:45,061 ] 65 root - INFO - Performing sentiment analysis
[ 2025-06-28 19:50:45,062 ] 13 root - INFO - Analyzing news sentiment
[ 2025-06-28 19:50:45,232 ] 31 root - INFO - Analyzing social media sentiment
[ 2025-06-28 19:50:45,246 ] 70 root - INFO - Storing data in MongoDB
[ 2025-06-28 19:50:45,468 ] 31 root - INFO - Stored company data for amzn
[ 2025-06-28 19:50:46,799 ] 42 root - INFO - Stored news for amzn
[ 2025-06-28 19:50:50,077 ] 54 root - INFO - Stored Reddit data for amzn
[ 2025-06-28 19:50:50,077 ] 54 root - INFO - Stored Twitter data for amzn
[ 2025-06-28 19:50:50,178 ] 64 root - INFO - Stored financials for amzn
[ 2025-06-28 19:50:50,294 ] 86 root - ERROR - Error storing technicals: E11000 duplicate key error collection: investment_bot.technicals index: _id_ dup key: { _id: ObjectId('685ffa3c7da7f389ecf4ec02') }, full error: {'index': 0, 'code': 11000, 'errmsg': "E11000 duplicate key error collection: investment_bot.technicals index: _id_ dup key: { _id: ObjectId('685ffa3c7da7f389ecf4ec02') }", 'keyPattern': {'_id': 1}, 'keyValue': {'_id': ObjectId('685ffa3c7da7f389ecf4ec02')}}
[ 2025-06-28 19:50:50,294 ] 79 root - INFO - Generating recommendation
[ 2025-06-28 19:50:50,294 ] 9 root - INFO - Generating recommendation
[ 2025-06-28 19:50:50,294 ] 44 root - INFO - Recommendation: Hold
[ 2025-06-28 19:50:50,485 ] 74 root - INFO - Stored recommendation for amzn
[ 2025-06-28 19:50:50,485 ] 84 root - INFO - Generating final report
[ 2025-06-28 19:50:50,487 ] 9 root - INFO - Generating report for amzn
[ 2025-06-28 19:50:50,487 ] 66 root - INFO - Report generated successfully for amzn
