[ 2025-06-28 19:39:47,159 ] 36 root - INFO - Initializing pipeline components
[ 2025-06-28 19:39:47,160 ] 13 root - INFO - Initializing DataFetcher
[ 2025-06-28 19:39:47,162 ] 7 root - INFO - Initializing DataStorage
[ 2025-06-28 19:40:07,167 ] 20 root - ERROR - Error connecting to MongoDB: The DNS operation timed out after 20.00100326538086 seconds
[ 2025-06-28 19:40:07,167 ] 90 root - ERROR - Pipeline error: The DNS operation timed out after 20.00100326538086 seconds
[ 2025-06-28 19:40:10,892 ] 36 root - INFO - Initializing pipeline components
[ 2025-06-28 19:40:10,892 ] 13 root - INFO - Initializing DataFetcher
[ 2025-06-28 19:40:10,892 ] 7 root - INFO - Initializing DataStorage
[ 2025-06-28 19:40:30,894 ] 20 root - ERROR - Error connecting to MongoDB: The DNS operation timed out after 20.000773668289185 seconds
[ 2025-06-28 19:40:30,900 ] 90 root - ERROR - Pipeline error: The DNS operation timed out after 20.000773668289185 seconds
[ 2025-06-28 19:40:52,889 ] 36 root - INFO - Initializing pipeline components
[ 2025-06-28 19:40:52,890 ] 13 root - INFO - Initializing DataFetcher
[ 2025-06-28 19:40:52,891 ] 7 root - INFO - Initializing DataStorage
[ 2025-06-28 19:40:55,071 ] 9 root - INFO - Initializing SentimentAnalyzer
[ 2025-06-28 19:40:55,092 ] 6 root - INFO - Initializing RecommendationEngine
[ 2025-06-28 19:40:55,092 ] 6 root - INFO - Initializing ReportGenerator
[ 2025-06-28 19:40:55,092 ] 43 root - INFO - Starting analysis for meta
[ 2025-06-28 19:40:55,194 ] 56 root - INFO - Initiating data ingestion
[ 2025-06-28 19:40:55,194 ] 97 root - INFO - Fetching Yahoo Finance data for meta
[ 2025-06-28 19:40:56,475 ] 25 root - INFO - Fetching news for meta
[ 2025-06-28 19:40:57,603 ] 46 root - INFO - Fetching Reddit posts for meta
[ 2025-06-28 19:40:57,605 ] 457 praw - WARNING - It appears that you are using PRAW in an asynchronous environment.
It is strongly recommended to use Async PRAW: https://asyncpraw.readthedocs.io.
See https://praw.readthedocs.io/en/latest/getting_started/multiple_instances.html#discord-bots-and-asynchronous-environments for more info.

[ 2025-06-28 19:40:59,599 ] 457 praw - WARNING - It appears that you are using PRAW in an asynchronous environment.
It is strongly recommended to use Async PRAW: https://asyncpraw.readthedocs.io.
See https://praw.readthedocs.io/en/latest/getting_started/multiple_instances.html#discord-bots-and-asynchronous-environments for more info.

[ 2025-06-28 19:41:00,251 ] 457 praw - WARNING - It appears that you are using PRAW in an asynchronous environment.
It is strongly recommended to use Async PRAW: https://asyncpraw.readthedocs.io.
See https://praw.readthedocs.io/en/latest/getting_started/multiple_instances.html#discord-bots-and-asynchronous-environments for more info.

[ 2025-06-28 19:41:00,823 ] 64 root - INFO - Fetching Twitter posts for meta
[ 2025-06-28 19:41:01,773 ] 82 root - INFO - Fetching SEC filings for meta
[ 2025-06-28 19:41:03,735 ] 113 root - INFO - Fetching technical indicators for meta
[ 2025-06-28 19:41:06,583 ] 84 root - INFO - Stored technicals for meta
[ 2025-06-28 19:41:06,584 ] 65 root - INFO - Performing sentiment analysis
[ 2025-06-28 19:41:06,584 ] 13 root - INFO - Analyzing news sentiment
[ 2025-06-28 19:41:06,755 ] 31 root - INFO - Analyzing social media sentiment
[ 2025-06-28 19:41:06,784 ] 70 root - INFO - Storing data in MongoDB
[ 2025-06-28 19:41:06,890 ] 31 root - INFO - Stored company data for meta
[ 2025-06-28 19:41:08,194 ] 42 root - INFO - Stored news for meta
[ 2025-06-28 19:41:11,771 ] 54 root - INFO - Stored Reddit data for meta
[ 2025-06-28 19:41:12,484 ] 54 root - INFO - Stored Twitter data for meta
[ 2025-06-28 19:41:12,572 ] 64 root - INFO - Stored financials for meta
[ 2025-06-28 19:41:12,641 ] 86 root - ERROR - Error storing technicals: E11000 duplicate key error collection: investment_bot.technicals index: _id_ dup key: { _id: ObjectId('685ff7fa0b799e0736b53afe') }, full error: {'index': 0, 'code': 11000, 'errmsg': "E11000 duplicate key error collection: investment_bot.technicals index: _id_ dup key: { _id: ObjectId('685ff7fa0b799e0736b53afe') }", 'keyPattern': {'_id': 1}, 'keyValue': {'_id': ObjectId('685ff7fa0b799e0736b53afe')}}
[ 2025-06-28 19:41:12,641 ] 79 root - INFO - Generating recommendation
[ 2025-06-28 19:41:12,641 ] 9 root - INFO - Generating recommendation
[ 2025-06-28 19:41:12,642 ] 44 root - INFO - Recommendation: Hold
[ 2025-06-28 19:41:12,932 ] 74 root - INFO - Stored recommendation for meta
[ 2025-06-28 19:41:12,932 ] 84 root - INFO - Generating final report
[ 2025-06-28 19:41:12,932 ] 9 root - INFO - Generating report for meta
[ 2025-06-28 19:41:12,932 ] 66 root - INFO - Report generated successfully for meta
